# JRE version: Java(TM) SE Runtime Environment (8.0_102-b14) (build 1.8.0_102-b14)
# Java VM: Java HotSpot(TM) 64-Bit Server VM (25.102-b14 mixed mode bsd-amd64 compressed oops)
Heap:
 PSYoungGen      total 471040K, used 40876K [0x000000076ab00000, 0x0000000793a00000, 0x00000007c0000000)
  eden space 434688K, 3% used [0x000000076ab00000,0x000000076bbbaf60,0x0000000785380000)
  from space 36352K, 65% used [0x0000000785380000,0x0000000786ab0250,0x0000000787700000)
  to   space 36864K, 0% used [0x0000000791600000,0x0000000791600000,0x0000000793a00000)
 ParOldGen       total 134656K, used 74277K [0x00000006c0000000, 0x00000006c8380000, 0x000000076ab00000)
  object space 134656K, 55% used [0x00000006c0000000,0x00000006c4889758,0x00000006c8380000)
 Metaspace       used 29677K, capacity 30010K, committed 30336K, reserved 1075200K
  class space    used 3737K, capacity 3843K, committed 3968K, reserved 1048576K
GC Heap History (10 events):
Event: 8.483 GC heap before
{Heap before GC invocations=11 (full 2):
 PSYoungGen      total 250880K, used 13280K [0x000000076ab00000, 0x0000000789400000, 0x00000007c0000000)
  eden space 223232K, 0% used [0x000000076ab00000,0x000000076ab00000,0x0000000778500000)
  from space 27648K, 48% used [0x0000000778500000,0x00000007791f8088,0x000000077a000000)
  to   space 27136K, 0% used [0x0000000787980000,0x0000000787980000,0x0000000789400000)
 ParOldGen       total 175104K, used 51087K [0x00000006c0000000, 0x00000006cab00000, 0x000000076ab00000)
  object space 175104K, 29% used [0x00000006c0000000,0x00000006c31e3c28,0x00000006cab00000)
 Metaspace       used 20893K, capacity 21102K, committed 21248K, reserved 1069056K
  class space    used 2406K, capacity 2495K, committed 2560K, reserved 1048576K
Event: 8.544 GC heap after
Heap after GC invocations=11 (full 2):
 PSYoungGen      total 250880K, used 0K [0x000000076ab00000, 0x0000000789400000, 0x00000007c0000000)
  eden space 223232K, 0% used [0x000000076ab00000,0x000000076ab00000,0x0000000778500000)
  from space 27648K, 0% used [0x0000000778500000,0x0000000778500000,0x000000077a000000)
  to   space 27136K, 0% used [0x0000000787980000,0x0000000787980000,0x0000000789400000)
 ParOldGen       total 134656K, used 36405K [0x00000006c0000000, 0x00000006c8380000, 0x000000076ab00000)
  object space 134656K, 27% used [0x00000006c0000000,0x00000006c238d748,0x00000006c8380000)
 Metaspace       used 20893K, capacity 21102K, committed 21248K, reserved 1069056K
  class space    used 2406K, capacity 2495K, committed 2560K, reserved 1048576K
}
Event: 9.109 GC heap before
{Heap before GC invocations=12 (full 2):
 PSYoungGen      total 250880K, used 223232K [0x000000076ab00000, 0x0000000789400000, 0x00000007c0000000)
  eden space 223232K, 100% used [0x000000076ab00000,0x0000000778500000,0x0000000778500000)
  from space 27648K, 0% used [0x0000000778500000,0x0000000778500000,0x000000077a000000)
  to   space 27136K, 0% used [0x0000000787980000,0x0000000787980000,0x0000000789400000)
 ParOldGen       total 134656K, used 36405K [0x00000006c0000000, 0x00000006c8380000, 0x000000076ab00000)
  object space 134656K, 27% used [0x00000006c0000000,0x00000006c238d748,0x00000006c8380000)
 Metaspace       used 21491K, capacity 21774K, committed 22144K, reserved 1069056K
  class space    used 2482K, capacity 2591K, committed 2688K, reserved 1048576K
Event: 9.114 GC heap after
Heap after GC invocations=12 (full 2):
 PSYoungGen      total 320512K, used 2622K [0x000000076ab00000, 0x0000000787c80000, 0x00000007c0000000)
  eden space 317440K, 0% used [0x000000076ab00000,0x000000076ab00000,0x000000077e100000)
  from space 3072K, 85% used [0x0000000787980000,0x0000000787c0fbb0,0x0000000787c80000)
  to   space 28160K, 0% used [0x0000000784580000,0x0000000784580000,0x0000000786100000)
 ParOldGen       total 134656K, used 36405K [0x00000006c0000000, 0x00000006c8380000, 0x000000076ab00000)
  object space 134656K, 27% used [0x00000006c0000000,0x00000006c238d748,0x00000006c8380000)
 Metaspace       used 21491K, capacity 21774K, committed 22144K, reserved 1069056K
  class space    used 2482K, capacity 2591K, committed 2688K, reserved 1048576K
}
Event: 10.194 GC heap before
{Heap before GC invocations=13 (full 2):
 PSYoungGen      total 320512K, used 320062K [0x000000076ab00000, 0x0000000787c80000, 0x00000007c0000000)
  eden space 317440K, 100% used [0x000000076ab00000,0x000000077e100000,0x000000077e100000)
  from space 3072K, 85% used [0x0000000787980000,0x0000000787c0fbb0,0x0000000787c80000)
  to   space 28160K, 0% used [0x0000000784580000,0x0000000784580000,0x0000000786100000)
 ParOldGen       total 134656K, used 36405K [0x00000006c0000000, 0x00000006c8380000, 0x000000076ab00000)
  object space 134656K, 27% used [0x00000006c0000000,0x00000006c238d748,0x00000006c8380000)
 Metaspace       used 22571K, capacity 22862K, committed 23168K, reserved 1069056K
  class space    used 2549K, capacity 2655K, committed 2688K, reserved 1048576K
Event: 10.201 GC heap after
Heap after GC invocations=13 (full 2):
 PSYoungGen      total 448512K, used 7040K [0x000000076ab00000, 0x0000000789280000, 0x00000007c0000000)
  eden space 420352K, 0% used [0x000000076ab00000,0x000000076ab00000,0x0000000784580000)
  from space 28160K, 25% used [0x0000000784580000,0x0000000784c603a8,0x0000000786100000)
  to   space 28160K, 0% used [0x0000000787700000,0x0000000787700000,0x0000000789280000)
 ParOldGen       total 134656K, used 36405K [0x00000006c0000000, 0x00000006c8380000, 0x000000076ab00000)
  object space 134656K, 27% used [0x00000006c0000000,0x00000006c238d748,0x00000006c8380000)
 Metaspace       used 22571K, capacity 22862K, committed 23168K, reserved 1069056K
  class space    used 2549K, capacity 2655K, committed 2688K, reserved 1048576K
}
Event: 12.439 GC heap before
{Heap before GC invocations=14 (full 2):
 PSYoungGen      total 448512K, used 427392K [0x000000076ab00000, 0x0000000789280000, 0x00000007c0000000)
  eden space 420352K, 100% used [0x000000076ab00000,0x0000000784580000,0x0000000784580000)
  from space 28160K, 25% used [0x0000000784580000,0x0000000784c603a8,0x0000000786100000)
  to   space 28160K, 0% used [0x0000000787700000,0x0000000787700000,0x0000000789280000)
 ParOldGen       total 134656K, used 36405K [0x00000006c0000000, 0x00000006c8380000, 0x000000076ab00000)
  object space 134656K, 27% used [0x00000006c0000000,0x00000006c238d748,0x00000006c8380000)
 Metaspace       used 25505K, capacity 25782K, committed 26240K, reserved 1073152K
  class space    used 2981K, capacity 3073K, committed 3200K, reserved 1048576K
Event: 12.461 GC heap after
Heap after GC invocations=14 (full 2):
 PSYoungGen      total 462848K, used 28134K [0x000000076ab00000, 0x0000000792880000, 0x00000007c0000000)
  eden space 434688K, 0% used [0x000000076ab00000,0x000000076ab00000,0x0000000785380000)
  from space 28160K, 99% used [0x0000000787700000,0x0000000789279848,0x0000000789280000)
  to   space 36352K, 0% used [0x0000000785380000,0x0000000785380000,0x0000000787700000)
 ParOldGen       total 134656K, used 47773K [0x00000006c0000000, 0x00000006c8380000, 0x000000076ab00000)
  object space 134656K, 35% used [0x00000006c0000000,0x00000006c2ea7490,0x00000006c8380000)
 Metaspace       used 25505K, capacity 25782K, committed 26240K, reserved 1073152K
  class space    used 2981K, capacity 3073K, committed 3200K, reserved 1048576K
}
Event: 14.421 GC heap before
{Heap before GC invocations=15 (full 2):
 PSYoungGen      total 462848K, used 462822K [0x000000076ab00000, 0x0000000792880000, 0x00000007c0000000)
  eden space 434688K, 100% used [0x000000076ab00000,0x0000000785380000,0x0000000785380000)
  from space 28160K, 99% used [0x0000000787700000,0x0000000789279848,0x0000000789280000)
  to   space 36352K, 0% used [0x0000000785380000,0x0000000785380000,0x0000000787700000)
 ParOldGen       total 134656K, used 47773K [0x00000006c0000000, 0x00000006c8380000, 0x000000076ab00000)
  object space 134656K, 35% used [0x00000006c0000000,0x00000006c2ea7490,0x00000006c8380000)
 Metaspace       used 29496K, capacity 29786K, committed 29952K, reserved 1075200K
  class space    used 3719K, capacity 3811K, committed 3840K, reserved 1048576K
Event: 14.447 GC heap after
Heap after GC invocations=15 (full 2):
 PSYoungGen      total 471040K, used 23744K [0x000000076ab00000, 0x0000000793a00000, 0x00000007c0000000)
  eden space 434688K, 0% used [0x000000076ab00000,0x000000076ab00000,0x0000000785380000)
  from space 36352K, 65% used [0x0000000785380000,0x0000000786ab0250,0x0000000787700000)
  to   space 36864K, 0% used [0x0000000791600000,0x0000000791600000,0x0000000793a00000)
 ParOldGen       total 134656K, used 74277K [0x00000006c0000000, 0x00000006c8380000, 0x000000076ab00000)
  object space 134656K, 55% used [0x00000006c0000000,0x00000006c4889758,0x00000006c8380000)
 Metaspace       used 29496K, capacity 29786K, committed 29952K, reserved 1075200K
  class space    used 3719K, capacity 3811K, committed 3840K, reserved 1048576K
}

