# JRE version: Java(TM) SE Runtime Environment (8.0_102-b14) (build 1.8.0_102-b14)
# Java VM: Java HotSpot(TM) 64-Bit Server VM (25.102-b14 mixed mode bsd-amd64 compressed oops)
Heap:
 PSYoungGen      total 645632K, used 322447K [0x000000076ab00000, 0x0000000795f80000, 0x00000007c0000000)
  eden space 611328K, 47% used [0x000000076ab00000,0x000000077c46a830,0x0000000790000000)
  from space 34304K, 99% used [0x0000000793e00000,0x0000000795f79678,0x0000000795f80000)
  to   space 44032K, 0% used [0x0000000790980000,0x0000000790980000,0x0000000793480000)
 ParOldGen       total 142848K, used 51051K [0x00000006c0000000, 0x00000006c8b80000, 0x000000076ab00000)
  object space 142848K, 35% used [0x00000006c0000000,0x00000006c31dac38,0x00000006c8b80000)
 Metaspace       used 29217K, capacity 29498K, committed 29696K, reserved 1075200K
  class space    used 3715K, capacity 3840K, committed 3840K, reserved 1048576K
GC Heap History (10 events):
Event: 8.526 GC heap before
{Heap before GC invocations=8 (full 1):
 PSYoungGen      total 249856K, used 144452K [0x000000076ab00000, 0x000000077ed00000, 0x00000007c0000000)
  eden space 239104K, 55% used [0x000000076ab00000,0x0000000772d949d0,0x0000000779480000)
  from space 10752K, 99% used [0x000000077b580000,0x000000077bffc968,0x000000077c000000)
  to   space 33792K, 0% used [0x0000000779480000,0x0000000779480000,0x000000077b580000)
 ParOldGen       total 175104K, used 52535K [0x00000006c0000000, 0x00000006cab00000, 0x000000076ab00000)
  object space 175104K, 30% used [0x00000006c0000000,0x00000006c334de38,0x00000006cab00000)
 Metaspace       used 20864K, capacity 21134K, committed 21248K, reserved 1069056K
  class space    used 2418K, capacity 2524K, committed 2560K, reserved 1048576K
Event: 8.554 GC heap after
Heap after GC invocations=8 (full 1):
 PSYoungGen      total 272896K, used 16082K [0x000000076ab00000, 0x000000078bc00000, 0x00000007c0000000)
  eden space 239104K, 0% used [0x000000076ab00000,0x000000076ab00000,0x0000000779480000)
  from space 33792K, 47% used [0x0000000779480000,0x000000077a434958,0x000000077b580000)
  to   space 31744K, 0% used [0x0000000789d00000,0x0000000789d00000,0x000000078bc00000)
 ParOldGen       total 175104K, used 52535K [0x00000006c0000000, 0x00000006cab00000, 0x000000076ab00000)
  object space 175104K, 30% used [0x00000006c0000000,0x00000006c334de38,0x00000006cab00000)
 Metaspace       used 20864K, capacity 21134K, committed 21248K, reserved 1069056K
  class space    used 2418K, capacity 2524K, committed 2560K, reserved 1048576K
}
Event: 8.554 GC heap before
{Heap before GC invocations=9 (full 2):
 PSYoungGen      total 272896K, used 16082K [0x000000076ab00000, 0x000000078bc00000, 0x00000007c0000000)
  eden space 239104K, 0% used [0x000000076ab00000,0x000000076ab00000,0x0000000779480000)
  from space 33792K, 47% used [0x0000000779480000,0x000000077a434958,0x000000077b580000)
  to   space 31744K, 0% used [0x0000000789d00000,0x0000000789d00000,0x000000078bc00000)
 ParOldGen       total 175104K, used 52535K [0x00000006c0000000, 0x00000006cab00000, 0x000000076ab00000)
  object space 175104K, 30% used [0x00000006c0000000,0x00000006c334de38,0x00000006cab00000)
 Metaspace       used 20864K, capacity 21134K, committed 21248K, reserved 1069056K
  class space    used 2418K, capacity 2524K, committed 2560K, reserved 1048576K
Event: 8.612 GC heap after
Heap after GC invocations=9 (full 2):
 PSYoungGen      total 272896K, used 0K [0x000000076ab00000, 0x000000078bc00000, 0x00000007c0000000)
  eden space 239104K, 0% used [0x000000076ab00000,0x000000076ab00000,0x0000000779480000)
  from space 33792K, 0% used [0x0000000779480000,0x0000000779480000,0x000000077b580000)
  to   space 31744K, 0% used [0x0000000789d00000,0x0000000789d00000,0x000000078bc00000)
 ParOldGen       total 142848K, used 38858K [0x00000006c0000000, 0x00000006c8b80000, 0x000000076ab00000)
  object space 142848K, 27% used [0x00000006c0000000,0x00000006c25f2a58,0x00000006c8b80000)
 Metaspace       used 20864K, capacity 21134K, committed 21248K, reserved 1069056K
  class space    used 2418K, capacity 2524K, committed 2560K, reserved 1048576K
}
Event: 8.846 GC heap before
{Heap before GC invocations=10 (full 2):
 PSYoungGen      total 272896K, used 239104K [0x000000076ab00000, 0x000000078bc00000, 0x00000007c0000000)
  eden space 239104K, 100% used [0x000000076ab00000,0x0000000779480000,0x0000000779480000)
  from space 33792K, 0% used [0x0000000779480000,0x0000000779480000,0x000000077b580000)
  to   space 31744K, 0% used [0x0000000789d00000,0x0000000789d00000,0x000000078bc00000)
 ParOldGen       total 142848K, used 38858K [0x00000006c0000000, 0x00000006c8b80000, 0x000000076ab00000)
  object space 142848K, 27% used [0x00000006c0000000,0x00000006c25f2a58,0x00000006c8b80000)
 Metaspace       used 21121K, capacity 21326K, committed 21504K, reserved 1069056K
  class space    used 2458K, capacity 2524K, committed 2560K, reserved 1048576K
Event: 8.847 GC heap after
Heap after GC invocations=10 (full 2):
 PSYoungGen      total 396800K, used 466K [0x000000076ab00000, 0x0000000789d80000, 0x00000007c0000000)
  eden space 396288K, 0% used [0x000000076ab00000,0x000000076ab00000,0x0000000782e00000)
  from space 512K, 91% used [0x0000000789d00000,0x0000000789d74bf0,0x0000000789d80000)
  to   space 33280K, 0% used [0x0000000785c80000,0x0000000785c80000,0x0000000787d00000)
 ParOldGen       total 142848K, used 38866K [0x00000006c0000000, 0x00000006c8b80000, 0x000000076ab00000)
  object space 142848K, 27% used [0x00000006c0000000,0x00000006c25f4a58,0x00000006c8b80000)
 Metaspace       used 21121K, capacity 21326K, committed 21504K, reserved 1069056K
  class space    used 2458K, capacity 2524K, committed 2560K, reserved 1048576K
}
Event: 10.940 GC heap before
{Heap before GC invocations=11 (full 2):
 PSYoungGen      total 396800K, used 396754K [0x000000076ab00000, 0x0000000789d80000, 0x00000007c0000000)
  eden space 396288K, 100% used [0x000000076ab00000,0x0000000782e00000,0x0000000782e00000)
  from space 512K, 91% used [0x0000000789d00000,0x0000000789d74bf0,0x0000000789d80000)
  to   space 33280K, 0% used [0x0000000785c80000,0x0000000785c80000,0x0000000787d00000)
 ParOldGen       total 142848K, used 38866K [0x00000006c0000000, 0x00000006c8b80000, 0x000000076ab00000)
  object space 142848K, 27% used [0x00000006c0000000,0x00000006c25f4a58,0x00000006c8b80000)
 Metaspace       used 23667K, capacity 23926K, committed 24064K, reserved 1071104K
  class space    used 2704K, capacity 2814K, committed 2816K, reserved 1048576K
Event: 10.951 GC heap after
Heap after GC invocations=11 (full 2):
 PSYoungGen      total 477184K, used 22841K [0x000000076ab00000, 0x0000000795f80000, 0x00000007c0000000)
  eden space 443904K, 0% used [0x000000076ab00000,0x000000076ab00000,0x0000000785c80000)
  from space 33280K, 68% used [0x0000000785c80000,0x00000007872ce638,0x0000000787d00000)
  to   space 34304K, 0% used [0x0000000793e00000,0x0000000793e00000,0x0000000795f80000)
 ParOldGen       total 142848K, used 38874K [0x00000006c0000000, 0x00000006c8b80000, 0x000000076ab00000)
  object space 142848K, 27% used [0x00000006c0000000,0x00000006c25f6a58,0x00000006c8b80000)
 Metaspace       used 23667K, capacity 23926K, committed 24064K, reserved 1071104K
  class space    used 2704K, capacity 2814K, committed 2816K, reserved 1048576K
}
Event: 12.743 GC heap before
{Heap before GC invocations=12 (full 2):
 PSYoungGen      total 477184K, used 466745K [0x000000076ab00000, 0x0000000795f80000, 0x00000007c0000000)
  eden space 443904K, 100% used [0x000000076ab00000,0x0000000785c80000,0x0000000785c80000)
  from space 33280K, 68% used [0x0000000785c80000,0x00000007872ce638,0x0000000787d00000)
  to   space 34304K, 0% used [0x0000000793e00000,0x0000000793e00000,0x0000000795f80000)
 ParOldGen       total 142848K, used 38874K [0x00000006c0000000, 0x00000006c8b80000, 0x000000076ab00000)
  object space 142848K, 27% used [0x00000006c0000000,0x00000006c25f6a58,0x00000006c8b80000)
 Metaspace       used 26094K, capacity 26390K, committed 26624K, reserved 1073152K
  class space    used 3176K, capacity 3294K, committed 3328K, reserved 1048576K
Event: 12.770 GC heap after
Heap after GC invocations=12 (full 2):
 PSYoungGen      total 645632K, used 34277K [0x000000076ab00000, 0x0000000795f80000, 0x00000007c0000000)
  eden space 611328K, 0% used [0x000000076ab00000,0x000000076ab00000,0x0000000790000000)
  from space 34304K, 99% used [0x0000000793e00000,0x0000000795f79678,0x0000000795f80000)
  to   space 44032K, 0% used [0x0000000790980000,0x0000000790980000,0x0000000793480000)
 ParOldGen       total 142848K, used 51051K [0x00000006c0000000, 0x00000006c8b80000, 0x000000076ab00000)
  object space 142848K, 35% used [0x00000006c0000000,0x00000006c31dac38,0x00000006c8b80000)
 Metaspace       used 26094K, capacity 26390K, committed 26624K, reserved 1073152K
  class space    used 3176K, capacity 3294K, committed 3328K, reserved 1048576K
}

