# JRE version: Java(TM) SE Runtime Environment (8.0_102-b14) (build 1.8.0_102-b14)
# Java VM: Java HotSpot(TM) 64-Bit Server VM (25.102-b14 mixed mode bsd-amd64 compressed oops)
Heap:
 PSYoungGen      total 649216K, used 361268K [0x000000076ab00000, 0x0000000795900000, 0x00000007c0000000)
  eden space 615424K, 53% used [0x000000076ab00000,0x000000077eacd558,0x0000000790400000)
  from space 33792K, 99% used [0x0000000793780000,0x000000079587fba0,0x0000000795880000)
  to   space 43520K, 0% used [0x0000000790400000,0x0000000790400000,0x0000000792e80000)
 ParOldGen       total 143360K, used 50403K [0x00000006c0000000, 0x00000006c8c00000, 0x000000076ab00000)
  object space 143360K, 35% used [0x00000006c0000000,0x00000006c3138fe8,0x00000006c8c00000)
 Metaspace       used 29659K, capacity 29946K, committed 30336K, reserved 1075200K
  class space    used 3737K, capacity 3843K, committed 3968K, reserved 1048576K
GC Heap History (10 events):
Event: 8.087 GC heap before
{Heap before GC invocations=8 (full 1):
 PSYoungGen      total 249856K, used 126713K [0x000000076ab00000, 0x000000077ed00000, 0x00000007c0000000)
  eden space 239104K, 48% used [0x000000076ab00000,0x0000000771c40550,0x0000000779480000)
  from space 10752K, 99% used [0x000000077b580000,0x000000077bffdf18,0x000000077c000000)
  to   space 33792K, 0% used [0x0000000779480000,0x0000000779480000,0x000000077b580000)
 ParOldGen       total 175104K, used 51896K [0x00000006c0000000, 0x00000006cab00000, 0x000000076ab00000)
  object space 175104K, 29% used [0x00000006c0000000,0x00000006c32ae0f8,0x00000006cab00000)
 Metaspace       used 20901K, capacity 21102K, committed 21248K, reserved 1069056K
  class space    used 2406K, capacity 2495K, committed 2560K, reserved 1048576K
Event: 8.104 GC heap after
Heap after GC invocations=8 (full 1):
 PSYoungGen      total 272896K, used 15473K [0x000000076ab00000, 0x000000078bc00000, 0x00000007c0000000)
  eden space 239104K, 0% used [0x000000076ab00000,0x000000076ab00000,0x0000000779480000)
  from space 33792K, 45% used [0x0000000779480000,0x000000077a39c4a0,0x000000077b580000)
  to   space 31744K, 0% used [0x0000000789d00000,0x0000000789d00000,0x000000078bc00000)
 ParOldGen       total 175104K, used 51896K [0x00000006c0000000, 0x00000006cab00000, 0x000000076ab00000)
  object space 175104K, 29% used [0x00000006c0000000,0x00000006c32ae0f8,0x00000006cab00000)
 Metaspace       used 20901K, capacity 21102K, committed 21248K, reserved 1069056K
  class space    used 2406K, capacity 2495K, committed 2560K, reserved 1048576K
}
Event: 8.104 GC heap before
{Heap before GC invocations=9 (full 2):
 PSYoungGen      total 272896K, used 15473K [0x000000076ab00000, 0x000000078bc00000, 0x00000007c0000000)
  eden space 239104K, 0% used [0x000000076ab00000,0x000000076ab00000,0x0000000779480000)
  from space 33792K, 45% used [0x0000000779480000,0x000000077a39c4a0,0x000000077b580000)
  to   space 31744K, 0% used [0x0000000789d00000,0x0000000789d00000,0x000000078bc00000)
 ParOldGen       total 175104K, used 51896K [0x00000006c0000000, 0x00000006cab00000, 0x000000076ab00000)
  object space 175104K, 29% used [0x00000006c0000000,0x00000006c32ae0f8,0x00000006cab00000)
 Metaspace       used 20901K, capacity 21102K, committed 21248K, reserved 1069056K
  class space    used 2406K, capacity 2495K, committed 2560K, reserved 1048576K
Event: 8.165 GC heap after
Heap after GC invocations=9 (full 2):
 PSYoungGen      total 272896K, used 0K [0x000000076ab00000, 0x000000078bc00000, 0x00000007c0000000)
  eden space 239104K, 0% used [0x000000076ab00000,0x000000076ab00000,0x0000000779480000)
  from space 33792K, 0% used [0x0000000779480000,0x0000000779480000,0x000000077b580000)
  to   space 31744K, 0% used [0x0000000789d00000,0x0000000789d00000,0x000000078bc00000)
 ParOldGen       total 143360K, used 37589K [0x00000006c0000000, 0x00000006c8c00000, 0x000000076ab00000)
  object space 143360K, 26% used [0x00000006c0000000,0x00000006c24b57f8,0x00000006c8c00000)
 Metaspace       used 20901K, capacity 21102K, committed 21248K, reserved 1069056K
  class space    used 2406K, capacity 2495K, committed 2560K, reserved 1048576K
}
Event: 8.756 GC heap before
{Heap before GC invocations=10 (full 2):
 PSYoungGen      total 272896K, used 239104K [0x000000076ab00000, 0x000000078bc00000, 0x00000007c0000000)
  eden space 239104K, 100% used [0x000000076ab00000,0x0000000779480000,0x0000000779480000)
  from space 33792K, 0% used [0x0000000779480000,0x0000000779480000,0x000000077b580000)
  to   space 31744K, 0% used [0x0000000789d00000,0x0000000789d00000,0x000000078bc00000)
 ParOldGen       total 143360K, used 37589K [0x00000006c0000000, 0x00000006c8c00000, 0x000000076ab00000)
  object space 143360K, 26% used [0x00000006c0000000,0x00000006c24b57f8,0x00000006c8c00000)
 Metaspace       used 21497K, capacity 21710K, committed 21888K, reserved 1069056K
  class space    used 2482K, capacity 2591K, committed 2688K, reserved 1048576K
Event: 8.762 GC heap after
Heap after GC invocations=10 (full 2):
 PSYoungGen      total 397312K, used 2616K [0x000000076ab00000, 0x000000078a000000, 0x00000007c0000000)
  eden space 394240K, 0% used [0x000000076ab00000,0x000000076ab00000,0x0000000782c00000)
  from space 3072K, 85% used [0x0000000789d00000,0x0000000789f8e150,0x000000078a000000)
  to   space 32768K, 0% used [0x0000000786000000,0x0000000786000000,0x0000000788000000)
 ParOldGen       total 143360K, used 37589K [0x00000006c0000000, 0x00000006c8c00000, 0x000000076ab00000)
  object space 143360K, 26% used [0x00000006c0000000,0x00000006c24b57f8,0x00000006c8c00000)
 Metaspace       used 21497K, capacity 21710K, committed 21888K, reserved 1069056K
  class space    used 2482K, capacity 2591K, committed 2688K, reserved 1048576K
}
Event: 10.448 GC heap before
{Heap before GC invocations=11 (full 2):
 PSYoungGen      total 397312K, used 396856K [0x000000076ab00000, 0x000000078a000000, 0x00000007c0000000)
  eden space 394240K, 100% used [0x000000076ab00000,0x0000000782c00000,0x0000000782c00000)
  from space 3072K, 85% used [0x0000000789d00000,0x0000000789f8e150,0x000000078a000000)
  to   space 32768K, 0% used [0x0000000786000000,0x0000000786000000,0x0000000788000000)
 ParOldGen       total 143360K, used 37589K [0x00000006c0000000, 0x00000006c8c00000, 0x000000076ab00000)
  object space 143360K, 26% used [0x00000006c0000000,0x00000006c24b57f8,0x00000006c8c00000)
 Metaspace       used 23752K, capacity 24022K, committed 24320K, reserved 1071104K
  class space    used 2690K, capacity 2785K, committed 2816K, reserved 1048576K
Event: 10.459 GC heap after
Heap after GC invocations=11 (full 2):
 PSYoungGen      total 480256K, used 22169K [0x000000076ab00000, 0x0000000795880000, 0x00000007c0000000)
  eden space 447488K, 0% used [0x000000076ab00000,0x000000076ab00000,0x0000000786000000)
  from space 32768K, 67% used [0x0000000786000000,0x00000007875a6540,0x0000000788000000)
  to   space 33792K, 0% used [0x0000000793780000,0x0000000793780000,0x0000000795880000)
 ParOldGen       total 143360K, used 37597K [0x00000006c0000000, 0x00000006c8c00000, 0x000000076ab00000)
  object space 143360K, 26% used [0x00000006c0000000,0x00000006c24b77f8,0x00000006c8c00000)
 Metaspace       used 23752K, capacity 24022K, committed 24320K, reserved 1071104K
  class space    used 2690K, capacity 2785K, committed 2816K, reserved 1048576K
}
Event: 12.313 GC heap before
{Heap before GC invocations=12 (full 2):
 PSYoungGen      total 480256K, used 469657K [0x000000076ab00000, 0x0000000795880000, 0x00000007c0000000)
  eden space 447488K, 100% used [0x000000076ab00000,0x0000000786000000,0x0000000786000000)
  from space 32768K, 67% used [0x0000000786000000,0x00000007875a6540,0x0000000788000000)
  to   space 33792K, 0% used [0x0000000793780000,0x0000000793780000,0x0000000795880000)
 ParOldGen       total 143360K, used 37597K [0x00000006c0000000, 0x00000006c8c00000, 0x000000076ab00000)
  object space 143360K, 26% used [0x00000006c0000000,0x00000006c24b77f8,0x00000006c8c00000)
 Metaspace       used 26260K, capacity 26518K, committed 26880K, reserved 1073152K
  class space    used 3146K, capacity 3233K, committed 3328K, reserved 1048576K
Event: 12.345 GC heap after
Heap after GC invocations=12 (full 2):
 PSYoungGen      total 649216K, used 33790K [0x000000076ab00000, 0x0000000795900000, 0x00000007c0000000)
  eden space 615424K, 0% used [0x000000076ab00000,0x000000076ab00000,0x0000000790400000)
  from space 33792K, 99% used [0x0000000793780000,0x000000079587fba0,0x0000000795880000)
  to   space 43520K, 0% used [0x0000000790400000,0x0000000790400000,0x0000000792e80000)
 ParOldGen       total 143360K, used 50403K [0x00000006c0000000, 0x00000006c8c00000, 0x000000076ab00000)
  object space 143360K, 35% used [0x00000006c0000000,0x00000006c3138fe8,0x00000006c8c00000)
 Metaspace       used 26260K, capacity 26518K, committed 26880K, reserved 1073152K
  class space    used 3146K, capacity 3233K, committed 3328K, reserved 1048576K
}

